Apr 16 22:07:25.668 ..: ==================
Apr 16 22:07:25.671 ..: BusClient started.
Apr 16 22:07:25.672 ..: init: gathering IP information... 
Apr 16 22:07:25.679 ..: MAX CONSOLE > Unhandled Message: [setverbose_out 1]
Apr 16 22:07:25.679 ..: MAX CONSOLE > Unhandled Message: [logmax Unhandled Message: [setverbose_in 1]]
Apr 16 22:07:25.679 ..: MAX CONSOLE > Apr 16 22:07:25.668 ..: ==================
Apr 16 22:07:25.679 ..: MAX CONSOLE > Apr 16 22:07:25.671 ..: BusClient started.
Apr 16 22:07:25.679 ..: MAX CONSOLE > bus broker connected 0
Apr 16 22:07:25.679 ..: MAX CONSOLE > bus peer joined 0
Apr 16 22:07:25.679 ..: MAX CONSOLE > unsubscribe /peer/j69rXMtG27ANpd83VKhN2D/settings/#
Apr 16 22:07:25.679 ..: MAX CONSOLE > unsubscribe /peer/j69rXMtG27ANpd83VKhN2D/rack/+/+/loaded
Apr 16 22:07:25.679 ..: MAX CONSOLE > bus rooms menu clear
Apr 16 22:07:25.679 ..: MAX CONSOLE > bus rooms listing
Apr 16 22:07:25.679 ..: MAX CONSOLE > bus rooms done
Apr 16 22:07:25.679 ..: MAX CONSOLE > bus peers menu clear
Apr 16 22:07:25.679 ..: MAX CONSOLE > bus peers done
Apr 16 22:07:25.679 ..: MAX CONSOLE > Apr 16 22:07:25.672 ..: init: gathering IP information... 
Apr 16 22:07:25.710 ..:    ...gathering done.
Apr 16 22:07:25.711 ..: MAX CONSOLE > Apr 16 22:07:25.710 ..:    ...gathering done.
Apr 16 22:07:25.713 ..: MAX CONSOLE > bus peer id tTKcXNmPEP8UCZ4YC76SgC
Apr 16 22:07:25.713 ..: MAX CONSOLE > bus ready
Apr 16 22:07:25.713 ..: MAX CONSOLE > configure telemersion.zhdk.ch 3883 peer telemersion2021 192.168.1.101
Apr 16 22:07:29.893 ..: connect: attempting to connect to broker...
Apr 16 22:07:29.907 ..: MAX CONSOLE > configure telemersion.zhdk.ch 3883 peer telemersion2021 192.168.1.101
Apr 16 22:07:29.907 ..: MAX CONSOLE > connect
Apr 16 22:07:29.907 ..: MAX CONSOLE > Apr 16 22:07:29.893 ..: connect: attempting to connect to broker...
Apr 16 22:07:29.931 ..: ...successfully connected.
Apr 16 22:07:29.931 ..: ...stopping connection timout thread.
Apr 16 22:07:29.932 ..: MAX CONSOLE > bus broker connected 1
Apr 16 22:07:29.933 ..: MAX CONSOLE > Apr 16 22:07:29.931 ..: ...successfully connected.
Apr 16 22:07:29.933 ..: MAX CONSOLE > Apr 16 22:07:29.931 ..: ...stopping connection timout thread.
Apr 16 22:07:29.935 ..: <-- found room 'myRoomName'
Apr 16 22:07:29.941 ..: MAX CONSOLE > bus rooms menu clear
Apr 16 22:07:29.941 ..: MAX CONSOLE > Apr 16 22:07:29.935 ..: <-- found room 'myRoomName'
Apr 16 22:07:29.941 ..: MAX CONSOLE > bus rooms menu append myRoomName
Apr 16 22:07:29.941 ..: MAX CONSOLE > bus rooms listing myRoomName
Apr 16 22:07:29.941 ..: MAX CONSOLE > bus rooms done
Apr 16 22:07:31.854 myPeerName: <-- local peer attempting to join room myRoomName...
Apr 16 22:07:31.861 myPeerName:    <-- reconnect to broker with correct last will...
Apr 16 22:07:31.864 myPeerName: MAX CONSOLE > join myPeerName myRoomName myRoomPassword
Apr 16 22:07:31.865 myPeerName: MAX CONSOLE > Apr 16 22:07:31.854 myPeerName: <-- local peer attempting to join room myRoomName...
Apr 16 22:07:31.867 myPeerName: MAX CONSOLE > Apr 16 22:07:31.861 myPeerName:    <-- reconnect to broker with correct last will...
Apr 16 22:07:31.892 myPeerName:    <-- ... reconnected.
Apr 16 22:07:31.894 myPeerName: MAX CONSOLE > Apr 16 22:07:31.892 myPeerName:    <-- ... reconnected.
Apr 16 22:07:31.907 myPeerName:    <-- send request to create / join room...
Apr 16 22:07:31.908 myPeerName: MAX CONSOLE > Apr 16 22:07:31.907 myPeerName:    <-- send request to create / join room...
Apr 16 22:07:31.966 myPeerName: ...stopping join timout thread.
Apr 16 22:07:31.966 myPeerName: <-- access to room myRoomName accepted.
Apr 16 22:07:31.968 myPeerName:    <-- local peer (tTKcXNmPEP8UCZ4YC76SgC) subscribing...
Apr 16 22:07:31.968 myPeerName: MAX CONSOLE > Apr 16 22:07:31.966 myPeerName: ...stopping join timout thread.
Apr 16 22:07:31.969 myPeerName: MAX CONSOLE > Apr 16 22:07:31.966 myPeerName: <-- access to room myRoomName accepted.
Apr 16 22:07:31.970 myPeerName: MAX CONSOLE > Apr 16 22:07:31.968 myPeerName:    <-- local peer (tTKcXNmPEP8UCZ4YC76SgC) subscribing...
Apr 16 22:07:31.980 myPeerName: MAX CONSOLE > chat {22:06:19 GMT+0200:[MoCap]: > has joined room,22:06:44 GMT+0200:[myPeerName]: > has joined room,22:07:04 GMT+0200:[myPeerName]: < has left room}
Apr 16 22:07:31.989 myPeerName: MAX CONSOLE > bus peer name myPeerName
Apr 16 22:07:31.989 myPeerName: MAX CONSOLE > bus peer id tTKcXNmPEP8UCZ4YC76SgC
Apr 16 22:07:31.990 myPeerName: MAX CONSOLE > bus peer localIP 192.168.1.101
Apr 16 22:07:31.990 myPeerName: MAX CONSOLE > bus peer publicIP 213.55.240.254
Apr 16 22:07:31.990 myPeerName: MAX CONSOLE > bus peer room name myRoomName
Apr 16 22:07:31.990 myPeerName: MAX CONSOLE > ultragrid - channel# 50: ugRoomName: myRoomName
Apr 16 22:07:31.990 myPeerName: MAX CONSOLE > bus peer room id 11
Apr 16 22:07:31.990 myPeerName: MAX CONSOLE > ultragrid - channel# 50: ugLANPort: 11502
Apr 16 22:07:31.990 myPeerName: MAX CONSOLE > ultragrid - channel# 50: ugLANip: 0.0.0.0
Apr 16 22:07:31.990 myPeerName: MAX CONSOLE > ultragrid - channel# 50: ugPort: 11502
Apr 16 22:07:31.990 myPeerName: MAX CONSOLE > bus peer room uuid 21PRFNKmTQnLaZvHRw5WjA
Apr 16 22:07:31.990 myPeerName: MAX CONSOLE > bus peer joined 1
Apr 16 22:07:31.990 myPeerName: MAX CONSOLE > subscribe /peer/tTKcXNmPEP8UCZ4YC76SgC/settings/#
Apr 16 22:07:31.990 myPeerName: MAX CONSOLE > subscribe /peer/tTKcXNmPEP8UCZ4YC76SgC/rack/+/+/loaded
Apr 16 22:07:32.005 myPeerName: MAX CONSOLE > chat {22:06:19 GMT+0200:[MoCap]: > has joined room,22:06:44 GMT+0200:[myPeerName]: > has joined room,22:07:04 GMT+0200:[myPeerName]: < has left room,22:07:31 GMT+0200:[myPeerName]: > has joined room}
Apr 16 22:07:32.007 myPeerName:    <-- remote peer 'MoCap' - 43phBHskZAr3Z1cgjBe5Pm joined room
Apr 16 22:07:32.011 myPeerName:    <-- ... local peer subscriptions complete
Apr 16 22:07:32.012 myPeerName: MAX CONSOLE > Apr 16 22:07:32.007 myPeerName:    <-- remote peer 'MoCap' - 43phBHskZAr3Z1cgjBe5Pm joined room
Apr 16 22:07:32.012 myPeerName: MAX CONSOLE > bus peers remote joined MoCap 43phBHskZAr3Z1cgjBe5Pm 10.21.136.113 195.176.29.132
Apr 16 22:07:32.012 myPeerName: MAX CONSOLE > bus peers menu clear
Apr 16 22:07:32.012 myPeerName: MAX CONSOLE > bus peers menu append MoCap 43phBHskZAr3Z1cgjBe5Pm 10.21.136.113 195.176.29.132
Apr 16 22:07:32.012 myPeerName: MAX CONSOLE > bus peers done
Apr 16 22:07:32.012 myPeerName: MAX CONSOLE > Apr 16 22:07:32.011 myPeerName:    <-- ... local peer subscriptions complete
Apr 16 22:07:32.994 myPeerName: MAX CONSOLE > publish 1 /peer/tTKcXNmPEP8UCZ4YC76SgC/rack/page_0/channel.0/loaded 0
Apr 16 22:07:32.994 myPeerName: MAX CONSOLE > publish 1 /peer/tTKcXNmPEP8UCZ4YC76SgC/rack/page_0/channel.1/loaded 0
Apr 16 22:07:32.994 myPeerName: MAX CONSOLE > publish 1 /peer/tTKcXNmPEP8UCZ4YC76SgC/rack/page_0/channel.2/loaded 0
Apr 16 22:07:32.994 myPeerName: MAX CONSOLE > publish 1 /peer/tTKcXNmPEP8UCZ4YC76SgC/rack/page_0/channel.3/loaded 0
Apr 16 22:07:32.994 myPeerName: MAX CONSOLE > publish 1 /peer/tTKcXNmPEP8UCZ4YC76SgC/rack/page_0/channel.4/loaded 0
Apr 16 22:07:32.994 myPeerName: MAX CONSOLE > publish 1 /peer/tTKcXNmPEP8UCZ4YC76SgC/rack/page_0/channel.5/loaded 0
Apr 16 22:07:32.994 myPeerName: MAX CONSOLE > publish 1 /peer/tTKcXNmPEP8UCZ4YC76SgC/rack/page_0/channel.6/loaded 0
Apr 16 22:07:32.994 myPeerName: MAX CONSOLE > publish 1 /peer/tTKcXNmPEP8UCZ4YC76SgC/rack/page_0/channel.7/loaded 0
Apr 16 22:07:32.994 myPeerName: MAX CONSOLE > publish 1 /peer/tTKcXNmPEP8UCZ4YC76SgC/rack/page_0/channel.8/loaded 0
Apr 16 22:07:32.994 myPeerName: MAX CONSOLE > publish 1 /peer/tTKcXNmPEP8UCZ4YC76SgC/rack/page_0/channel.9/loaded 0
Apr 16 22:07:32.994 myPeerName: MAX CONSOLE > publish 1 /peer/tTKcXNmPEP8UCZ4YC76SgC/rack/page_0/channel.10/loaded 0
Apr 16 22:07:32.994 myPeerName: MAX CONSOLE > publish 1 /peer/tTKcXNmPEP8UCZ4YC76SgC/rack/page_0/channel.11/loaded 0
Apr 16 22:07:32.994 myPeerName: MAX CONSOLE > publish 1 /peer/tTKcXNmPEP8UCZ4YC76SgC/rack/page_0/channel.12/loaded 0
Apr 16 22:07:32.994 myPeerName: MAX CONSOLE > publish 1 /peer/tTKcXNmPEP8UCZ4YC76SgC/rack/page_0/channel.13/loaded 0
Apr 16 22:07:32.994 myPeerName: MAX CONSOLE > publish 1 /peer/tTKcXNmPEP8UCZ4YC76SgC/rack/page_0/channel.14/loaded 0
Apr 16 22:07:32.994 myPeerName: MAX CONSOLE > publish 1 /peer/tTKcXNmPEP8UCZ4YC76SgC/rack/page_0/channel.15/loaded 0
Apr 16 22:07:32.995 myPeerName: MAX CONSOLE > publish 1 /peer/tTKcXNmPEP8UCZ4YC76SgC/rack/page_0/channel.16/loaded 0
Apr 16 22:07:32.995 myPeerName: MAX CONSOLE > publish 1 /peer/tTKcXNmPEP8UCZ4YC76SgC/rack/page_0/channel.17/loaded 0
Apr 16 22:07:32.995 myPeerName: MAX CONSOLE > publish 1 /peer/tTKcXNmPEP8UCZ4YC76SgC/rack/page_0/channel.18/loaded 0
Apr 16 22:07:32.995 myPeerName: MAX CONSOLE > publish 1 /peer/tTKcXNmPEP8UCZ4YC76SgC/rack/page_0/channel.19/loaded 0
Apr 16 22:07:32.995 myPeerName: MAX CONSOLE > publish 1 /peer/tTKcXNmPEP8UCZ4YC76SgC/settings/lock/enable 0
Apr 16 22:07:32.995 myPeerName: MAX CONSOLE > publish 1 /peer/tTKcXNmPEP8UCZ4YC76SgC/settings/background/color 0.7125 0.3938 0.6661 1
Apr 16 22:07:32.995 myPeerName: MAX CONSOLE > publish 1 /peer/tTKcXNmPEP8UCZ4YC76SgC/settings/localMenus/textureCaptureRange -default-
Apr 16 22:07:32.995 myPeerName: MAX CONSOLE > publish 1 /peer/tTKcXNmPEP8UCZ4YC76SgC/settings/localMenus/ndiRange -default-
Apr 16 22:07:32.995 myPeerName: MAX CONSOLE > publish 1 /peer/tTKcXNmPEP8UCZ4YC76SgC/settings/localMenus/portaudioCaptureRange 1 Scarlett 18i8 USB (out: 8 in: 18 Core Audio)|2 NDI Audio (out: 0 in: 2 Core Audio)|3 BlackHole 16ch (out: 16 in: 16 Core Audio)|4 BlackHole 2ch (out: 2 in: 2 Core Audio)|5 MacBook ProMikrofon (out: 0 in: 1 Core Audio)|9 ess (out: 24 in: 34 Core Audio)
Apr 16 22:07:32.995 myPeerName: MAX CONSOLE > publish 1 /peer/tTKcXNmPEP8UCZ4YC76SgC/settings/localMenus/coreaudioCaptureRange 62 BlackHole 16ch|78 BlackHole 2ch|94 BlackHole 64ch|161 MacBook Pro-Mikrofon|110 Microsoft Teams Audio|128 ZoomAudioDevice|58 Hauptgeraet
Apr 16 22:07:32.995 myPeerName: MAX CONSOLE > publish 1 /peer/tTKcXNmPEP8UCZ4YC76SgC/settings/localMenus/wasapiCaptureRange 0
Apr 16 22:07:32.995 myPeerName: MAX CONSOLE > publish 1 /peer/tTKcXNmPEP8UCZ4YC76SgC/settings/localMenus/jackCaptureRange 0
Apr 16 22:07:32.995 myPeerName: MAX CONSOLE > publish 1 /peer/tTKcXNmPEP8UCZ4YC76SgC/settings/localMenus/portaudioReceiveRange 0 Acer H6517ST (out: 2 in: 0 Core Audio)|3 Audiofuse Studio (out: 18 in: 20 Core Audio)|4 BlackHole 16ch (out: 16 in: 16 Core Audio)|5 BlackHole 2ch (out: 2 in: 2 Core Audio)|7 MacBook ProLautsprecher (out: 2 in: 0 Core Audio)|10 ESS (out: 34 in: 36 Core Audio)
Apr 16 22:07:32.996 myPeerName: MAX CONSOLE > publish 1 /peer/tTKcXNmPEP8UCZ4YC76SgC/settings/localMenus/coreaudioReceiveRange 62 BlackHole 16ch|78 BlackHole 2ch|94 BlackHole 64ch|154 MacBook Pro-Lautsprecher|110 Microsoft Teams Audio|128 ZoomAudioDevice|58 Hauptgeraet
Apr 16 22:07:32.996 myPeerName: MAX CONSOLE > publish 1 /peer/tTKcXNmPEP8UCZ4YC76SgC/settings/localMenus/wasapiReceiveRange 0
Apr 16 22:07:32.996 myPeerName: MAX CONSOLE > publish 1 /peer/tTKcXNmPEP8UCZ4YC76SgC/settings/localMenus/jackReceiveRange 0
Apr 16 22:07:32.996 myPeerName: MAX CONSOLE > publish 1 /peer/tTKcXNmPEP8UCZ4YC76SgC/settings/localProps/ug_enable 1
Apr 16 22:07:32.996 myPeerName: MAX CONSOLE > publish 1 /peer/tTKcXNmPEP8UCZ4YC76SgC/settings/localProps/natnet_enable 0
Apr 16 22:07:33.001 myPeerName: MAX CONSOLE > mqtt /peer/tTKcXNmPEP8UCZ4YC76SgC/rack/page_0/channel.0/loaded 0
Apr 16 22:07:33.001 myPeerName: MAX CONSOLE > mqtt /peer/tTKcXNmPEP8UCZ4YC76SgC/rack/page_0/channel.1/loaded 0
Apr 16 22:07:33.001 myPeerName: MAX CONSOLE > mqtt /peer/tTKcXNmPEP8UCZ4YC76SgC/rack/page_0/channel.2/loaded 0
Apr 16 22:07:33.001 myPeerName: MAX CONSOLE > mqtt /peer/tTKcXNmPEP8UCZ4YC76SgC/rack/page_0/channel.3/loaded 0
Apr 16 22:07:33.001 myPeerName: MAX CONSOLE > mqtt /peer/tTKcXNmPEP8UCZ4YC76SgC/rack/page_0/channel.4/loaded 0
Apr 16 22:07:33.001 myPeerName: MAX CONSOLE > mqtt /peer/tTKcXNmPEP8UCZ4YC76SgC/rack/page_0/channel.5/loaded 0
Apr 16 22:07:33.001 myPeerName: MAX CONSOLE > mqtt /peer/tTKcXNmPEP8UCZ4YC76SgC/rack/page_0/channel.6/loaded 0
Apr 16 22:07:33.001 myPeerName: MAX CONSOLE > mqtt /peer/tTKcXNmPEP8UCZ4YC76SgC/rack/page_0/channel.7/loaded 0
Apr 16 22:07:33.001 myPeerName: MAX CONSOLE > mqtt /peer/tTKcXNmPEP8UCZ4YC76SgC/rack/page_0/channel.8/loaded 0
Apr 16 22:07:33.001 myPeerName: MAX CONSOLE > mqtt /peer/tTKcXNmPEP8UCZ4YC76SgC/rack/page_0/channel.9/loaded 0
Apr 16 22:07:33.001 myPeerName: MAX CONSOLE > mqtt /peer/tTKcXNmPEP8UCZ4YC76SgC/rack/page_0/channel.10/loaded 0
Apr 16 22:07:33.001 myPeerName: MAX CONSOLE > mqtt /peer/tTKcXNmPEP8UCZ4YC76SgC/rack/page_0/channel.11/loaded 0
Apr 16 22:07:33.001 myPeerName: MAX CONSOLE > mqtt /peer/tTKcXNmPEP8UCZ4YC76SgC/rack/page_0/channel.12/loaded 0
Apr 16 22:07:33.001 myPeerName: MAX CONSOLE > mqtt /peer/tTKcXNmPEP8UCZ4YC76SgC/rack/page_0/channel.13/loaded 0
Apr 16 22:07:33.001 myPeerName: MAX CONSOLE > mqtt /peer/tTKcXNmPEP8UCZ4YC76SgC/rack/page_0/channel.14/loaded 0
Apr 16 22:07:33.001 myPeerName: MAX CONSOLE > mqtt /peer/tTKcXNmPEP8UCZ4YC76SgC/rack/page_0/channel.15/loaded 0
Apr 16 22:07:33.001 myPeerName: MAX CONSOLE > mqtt /peer/tTKcXNmPEP8UCZ4YC76SgC/rack/page_0/channel.16/loaded 0
Apr 16 22:07:33.001 myPeerName: MAX CONSOLE > mqtt /peer/tTKcXNmPEP8UCZ4YC76SgC/rack/page_0/channel.17/loaded 0
Apr 16 22:07:33.001 myPeerName: MAX CONSOLE > mqtt /peer/tTKcXNmPEP8UCZ4YC76SgC/rack/page_0/channel.18/loaded 0
Apr 16 22:07:33.001 myPeerName: MAX CONSOLE > mqtt /peer/tTKcXNmPEP8UCZ4YC76SgC/rack/page_0/channel.19/loaded 0
Apr 16 22:07:33.001 myPeerName: MAX CONSOLE > mqtt /peer/tTKcXNmPEP8UCZ4YC76SgC/settings/lock/enable 0
Apr 16 22:07:33.001 myPeerName: MAX CONSOLE > mqtt /peer/tTKcXNmPEP8UCZ4YC76SgC/settings/background/color 0.7125 0.3938 0.6661 1
Apr 16 22:07:33.001 myPeerName: MAX CONSOLE > mqtt /peer/tTKcXNmPEP8UCZ4YC76SgC/settings/localMenus/textureCaptureRange -default-
Apr 16 22:07:33.001 myPeerName: MAX CONSOLE > mqtt /peer/tTKcXNmPEP8UCZ4YC76SgC/settings/localMenus/ndiRange -default-
Apr 16 22:07:33.001 myPeerName: MAX CONSOLE > mqtt /peer/tTKcXNmPEP8UCZ4YC76SgC/settings/localMenus/portaudioCaptureRange 1 Scarlett 18i8 USB (out: 8 in: 18 Core Audio)|2 NDI Audio (out: 0 in: 2 Core Audio)|3 BlackHole 16ch (out: 16 in: 16 Core Audio)|4 BlackHole 2ch (out: 2 in: 2 Core Audio)|5 MacBook ProMikrofon (out: 0 in: 1 Core Audio)|9 ess (out: 24 in: 34 Core Audio)
Apr 16 22:07:33.001 myPeerName: MAX CONSOLE > mqtt /peer/tTKcXNmPEP8UCZ4YC76SgC/settings/localMenus/coreaudioCaptureRange 62 BlackHole 16ch|78 BlackHole 2ch|94 BlackHole 64ch|161 MacBook Pro-Mikrofon|110 Microsoft Teams Audio|128 ZoomAudioDevice|58 Hauptgeraet
Apr 16 22:07:33.001 myPeerName: MAX CONSOLE > mqtt /peer/tTKcXNmPEP8UCZ4YC76SgC/settings/localMenus/wasapiCaptureRange 0
Apr 16 22:07:33.001 myPeerName: MAX CONSOLE > mqtt /peer/tTKcXNmPEP8UCZ4YC76SgC/settings/localMenus/jackCaptureRange 0
Apr 16 22:07:33.001 myPeerName: MAX CONSOLE > mqtt /peer/tTKcXNmPEP8UCZ4YC76SgC/settings/localMenus/portaudioReceiveRange 0 Acer H6517ST (out: 2 in: 0 Core Audio)|3 Audiofuse Studio (out: 18 in: 20 Core Audio)|4 BlackHole 16ch (out: 16 in: 16 Core Audio)|5 BlackHole 2ch (out: 2 in: 2 Core Audio)|7 MacBook ProLautsprecher (out: 2 in: 0 Core Audio)|10 ESS (out: 34 in: 36 Core Audio)
Apr 16 22:07:33.001 myPeerName: MAX CONSOLE > mqtt /peer/tTKcXNmPEP8UCZ4YC76SgC/settings/localMenus/coreaudioReceiveRange 62 BlackHole 16ch|78 BlackHole 2ch|94 BlackHole 64ch|154 MacBook Pro-Lautsprecher|110 Microsoft Teams Audio|128 ZoomAudioDevice|58 Hauptgeraet
Apr 16 22:07:33.001 myPeerName: MAX CONSOLE > mqtt /peer/tTKcXNmPEP8UCZ4YC76SgC/settings/localMenus/wasapiReceiveRange 0
Apr 16 22:07:33.001 myPeerName: MAX CONSOLE > mqtt /peer/tTKcXNmPEP8UCZ4YC76SgC/settings/localMenus/jackReceiveRange 0
Apr 16 22:07:33.001 myPeerName: MAX CONSOLE > mqtt /peer/tTKcXNmPEP8UCZ4YC76SgC/settings/localProps/ug_enable 1
Apr 16 22:07:33.001 myPeerName: MAX CONSOLE > mqtt /peer/tTKcXNmPEP8UCZ4YC76SgC/settings/localProps/natnet_enable 0
Apr 16 22:07:33.272 myPeerName: MAX CONSOLE > subscribe /peer/43phBHskZAr3Z1cgjBe5Pm/settings/#
Apr 16 22:07:33.272 myPeerName: MAX CONSOLE > subscribe /peer/43phBHskZAr3Z1cgjBe5Pm/rack/+/+/loaded
Apr 16 22:07:33.282 myPeerName: MAX CONSOLE > mqtt /peer/43phBHskZAr3Z1cgjBe5Pm/settings/localMenus/ndiRange -default-
Apr 16 22:07:33.282 myPeerName: MAX CONSOLE > mqtt /peer/43phBHskZAr3Z1cgjBe5Pm/settings/localMenus/textureCaptureRange -default-
Apr 16 22:07:33.282 myPeerName: MAX CONSOLE > mqtt /peer/43phBHskZAr3Z1cgjBe5Pm/settings/localMenus/portaudioCaptureRange 0
Apr 16 22:07:33.282 myPeerName: MAX CONSOLE > mqtt /peer/43phBHskZAr3Z1cgjBe5Pm/settings/localMenus/coreaudioCaptureRange 0
Apr 16 22:07:33.282 myPeerName: MAX CONSOLE > mqtt /peer/43phBHskZAr3Z1cgjBe5Pm/settings/localMenus/wasapiCaptureRange 0
Apr 16 22:07:33.282 myPeerName: MAX CONSOLE > mqtt /peer/43phBHskZAr3Z1cgjBe5Pm/settings/localMenus/jackCaptureRange 0
Apr 16 22:07:33.282 myPeerName: MAX CONSOLE > mqtt /peer/43phBHskZAr3Z1cgjBe5Pm/settings/localMenus/portaudioReceiveRange 0
Apr 16 22:07:33.282 myPeerName: MAX CONSOLE > mqtt /peer/43phBHskZAr3Z1cgjBe5Pm/settings/localMenus/coreaudioReceiveRange 0
Apr 16 22:07:33.282 myPeerName: MAX CONSOLE > mqtt /peer/43phBHskZAr3Z1cgjBe5Pm/settings/localMenus/wasapiReceiveRange 0
Apr 16 22:07:33.282 myPeerName: MAX CONSOLE > mqtt /peer/43phBHskZAr3Z1cgjBe5Pm/settings/localMenus/jackReceiveRange 0
Apr 16 22:07:33.282 myPeerName: MAX CONSOLE > mqtt /peer/43phBHskZAr3Z1cgjBe5Pm/settings/lock/enable 0
Apr 16 22:07:33.283 myPeerName: MAX CONSOLE > mqtt /peer/43phBHskZAr3Z1cgjBe5Pm/settings/background/color 0.9451 0.9137 0.4078 1
Apr 16 22:07:33.283 myPeerName: MAX CONSOLE > mqtt /peer/43phBHskZAr3Z1cgjBe5Pm/settings/localProps/ug_enable 1
Apr 16 22:07:33.283 myPeerName: MAX CONSOLE > mqtt /peer/43phBHskZAr3Z1cgjBe5Pm/settings/localProps/natnet_enable 1
Apr 16 22:07:33.283 myPeerName: MAX CONSOLE > mqtt /peer/43phBHskZAr3Z1cgjBe5Pm/rack/page_0/channel.4/loaded 2
Apr 16 22:07:33.283 myPeerName: MAX CONSOLE > mqtt /peer/43phBHskZAr3Z1cgjBe5Pm/rack/page_0/channel.3/loaded 2
Apr 16 22:07:33.283 myPeerName: MAX CONSOLE > mqtt /peer/43phBHskZAr3Z1cgjBe5Pm/rack/page_0/channel.1/loaded 3
Apr 16 22:07:33.283 myPeerName: MAX CONSOLE > mqtt /peer/43phBHskZAr3Z1cgjBe5Pm/rack/page_0/channel.2/loaded 3
Apr 16 22:07:33.283 myPeerName: MAX CONSOLE > mqtt /peer/43phBHskZAr3Z1cgjBe5Pm/rack/page_0/channel.5/loaded 3
Apr 16 22:07:33.283 myPeerName: MAX CONSOLE > mqtt /peer/43phBHskZAr3Z1cgjBe5Pm/rack/page_0/channel.6/loaded 3
Apr 16 22:07:33.283 myPeerName: MAX CONSOLE > mqtt /peer/43phBHskZAr3Z1cgjBe5Pm/rack/page_0/channel.9/loaded 3
Apr 16 22:07:33.283 myPeerName: MAX CONSOLE > mqtt /peer/43phBHskZAr3Z1cgjBe5Pm/rack/page_0/channel.0/loaded 0
Apr 16 22:07:33.283 myPeerName: MAX CONSOLE > mqtt /peer/43phBHskZAr3Z1cgjBe5Pm/rack/page_0/channel.7/loaded 0
Apr 16 22:07:33.283 myPeerName: MAX CONSOLE > mqtt /peer/43phBHskZAr3Z1cgjBe5Pm/rack/page_0/channel.8/loaded 0
Apr 16 22:07:33.284 myPeerName: MAX CONSOLE > mqtt /peer/43phBHskZAr3Z1cgjBe5Pm/rack/page_0/channel.10/loaded 0
Apr 16 22:07:33.284 myPeerName: MAX CONSOLE > mqtt /peer/43phBHskZAr3Z1cgjBe5Pm/rack/page_0/channel.11/loaded 0
Apr 16 22:07:33.284 myPeerName: MAX CONSOLE > mqtt /peer/43phBHskZAr3Z1cgjBe5Pm/rack/page_0/channel.12/loaded 0
Apr 16 22:07:33.284 myPeerName: MAX CONSOLE > mqtt /peer/43phBHskZAr3Z1cgjBe5Pm/rack/page_0/channel.13/loaded 0
Apr 16 22:07:33.284 myPeerName: MAX CONSOLE > mqtt /peer/43phBHskZAr3Z1cgjBe5Pm/rack/page_0/channel.14/loaded 0
Apr 16 22:07:33.284 myPeerName: MAX CONSOLE > mqtt /peer/43phBHskZAr3Z1cgjBe5Pm/rack/page_0/channel.15/loaded 0
Apr 16 22:07:33.284 myPeerName: MAX CONSOLE > mqtt /peer/43phBHskZAr3Z1cgjBe5Pm/rack/page_0/channel.16/loaded 0
Apr 16 22:07:33.284 myPeerName: MAX CONSOLE > mqtt /peer/43phBHskZAr3Z1cgjBe5Pm/rack/page_0/channel.17/loaded 0
Apr 16 22:07:33.284 myPeerName: MAX CONSOLE > mqtt /peer/43phBHskZAr3Z1cgjBe5Pm/rack/page_0/channel.18/loaded 0
Apr 16 22:07:33.284 myPeerName: MAX CONSOLE > mqtt /peer/43phBHskZAr3Z1cgjBe5Pm/rack/page_0/channel.19/loaded 0
Apr 16 22:07:33.718 myPeerName: MAX CONSOLE > subscribe /peer/43phBHskZAr3Z1cgjBe5Pm/rack/page_0/channel.4/device/#
Apr 16 22:07:33.718 myPeerName: MAX CONSOLE > subscribe /peer/43phBHskZAr3Z1cgjBe5Pm/rack/page_0/channel.3/device/#
Apr 16 22:07:33.718 myPeerName: MAX CONSOLE > subscribe /peer/43phBHskZAr3Z1cgjBe5Pm/rack/page_0/channel.1/device/#
Apr 16 22:07:33.718 myPeerName: MAX CONSOLE > subscribe /peer/43phBHskZAr3Z1cgjBe5Pm/rack/page_0/channel.2/device/#
Apr 16 22:07:33.718 myPeerName: MAX CONSOLE > subscribe /peer/43phBHskZAr3Z1cgjBe5Pm/rack/page_0/channel.5/device/#
Apr 16 22:07:33.718 myPeerName: MAX CONSOLE > subscribe /peer/43phBHskZAr3Z1cgjBe5Pm/rack/page_0/channel.6/device/#
Apr 16 22:07:33.718 myPeerName: MAX CONSOLE > subscribe /peer/43phBHskZAr3Z1cgjBe5Pm/rack/page_0/channel.9/device/#
Apr 16 22:07:33.721 myPeerName: MAX CONSOLE > mqtt /peer/43phBHskZAr3Z1cgjBe5Pm/rack/page_0/channel.4/device/gui/indicators 0 0 1 0 0 0
Apr 16 22:07:33.721 myPeerName: MAX CONSOLE > mqtt /peer/43phBHskZAr3Z1cgjBe5Pm/rack/page_0/channel.4/device/gui/audioVideo/videoReciever/texture/name ThorsRoom_channel_4
Apr 16 22:07:33.721 myPeerName: MAX CONSOLE > mqtt /peer/43phBHskZAr3Z1cgjBe5Pm/rack/page_0/channel.4/device/gui/audioVideo/videoReciever/texture/closedWindow 0
Apr 16 22:07:33.721 myPeerName: MAX CONSOLE > mqtt /peer/43phBHskZAr3Z1cgjBe5Pm/rack/page_0/channel.4/device/gui/audioVideo/videoReciever/ndi/name ThorsRoom_channel_4
Apr 16 22:07:33.721 myPeerName: MAX CONSOLE > mqtt /peer/43phBHskZAr3Z1cgjBe5Pm/rack/page_0/channel.4/device/gui/audioVideo/videoReciever/custom/customFlags/flags -none-
Apr 16 22:07:33.721 myPeerName: MAX CONSOLE > mqtt /peer/43phBHskZAr3Z1cgjBe5Pm/rack/page_0/channel.4/device/gui/audioVideo/videoReciever/advanced/postprocessor/params -none-
Apr 16 22:07:33.721 myPeerName: MAX CONSOLE > mqtt /peer/43phBHskZAr3Z1cgjBe5Pm/rack/page_0/channel.4/device/gui/audioVideo/videoReciever/type 0
Apr 16 22:07:33.721 myPeerName: MAX CONSOLE > mqtt /peer/43phBHskZAr3Z1cgjBe5Pm/rack/page_0/channel.4/device/gui/audioVideo/connection 1
Apr 16 22:07:33.721 myPeerName: MAX CONSOLE > mqtt /peer/43phBHskZAr3Z1cgjBe5Pm/rack/page_0/channel.4/device/gui/audioVideo/transmission 0
Apr 16 22:07:33.721 myPeerName: MAX CONSOLE > mqtt /peer/43phBHskZAr3Z1cgjBe5Pm/rack/page_0/channel.4/device/gui/audioVideo/videoCapture/texture/menu/selection -default-
Apr 16 22:07:33.721 myPeerName: MAX CONSOLE > mqtt /peer/43phBHskZAr3Z1cgjBe5Pm/rack/page_0/channel.4/device/gui/audioVideo/videoCapture/custom/customFlags/flags -none-
Apr 16 22:07:33.721 myPeerName: MAX CONSOLE > mqtt /peer/43phBHskZAr3Z1cgjBe5Pm/rack/page_0/channel.4/device/gui/audioVideo/videoCapture/ndi/menu/selection -default-
Apr 16 22:07:33.721 myPeerName: MAX CONSOLE > mqtt /peer/43phBHskZAr3Z1cgjBe5Pm/rack/page_0/channel.4/device/gui/audioVideo/videoCapture/advanced/compress/bitrate 10
Apr 16 22:07:33.721 myPeerName: MAX CONSOLE > mqtt /peer/43phBHskZAr3Z1cgjBe5Pm/rack/page_0/channel.4/device/gui/audioVideo/videoCapture/advanced/compress/codec 2
Apr 16 22:07:33.721 myPeerName: MAX CONSOLE > mqtt /peer/43phBHskZAr3Z1cgjBe5Pm/rack/page_0/channel.4/device/gui/audioVideo/videoCapture/advanced/texture/fps 0
Apr 16 22:07:33.721 myPeerName: MAX CONSOLE > mqtt /peer/43phBHskZAr3Z1cgjBe5Pm/rack/page_0/channel.4/device/gui/audioVideo/videoCapture/advanced/filter/params -none-
Apr 16 22:07:33.721 myPeerName: MAX CONSOLE > mqtt /peer/43phBHskZAr3Z1cgjBe5Pm/rack/page_0/channel.4/device/gui/audioVideo/videoCapture/type 0
Apr 16 22:07:33.722 myPeerName: MAX CONSOLE > mqtt /peer/43phBHskZAr3Z1cgjBe5Pm/rack/page_0/channel.4/device/gui/audioVideo/audioCapture/custom/customFlags/flags -none-
Apr 16 22:07:33.722 myPeerName: MAX CONSOLE > mqtt /peer/43phBHskZAr3Z1cgjBe5Pm/rack/page_0/channel.4/device/gui/audioVideo/audioCapture/portaudio/menu/selection -default-
Apr 16 22:07:33.722 myPeerName: MAX CONSOLE > mqtt /peer/43phBHskZAr3Z1cgjBe5Pm/rack/page_0/channel.4/device/gui/audioVideo/audioCapture/testcard/frequency 440
Apr 16 22:07:33.722 myPeerName: MAX CONSOLE > mqtt /peer/43phBHskZAr3Z1cgjBe5Pm/rack/page_0/channel.4/device/gui/audioVideo/audioCapture/testcard/volume -18
Apr 16 22:07:33.722 myPeerName: MAX CONSOLE > mqtt /peer/43phBHskZAr3Z1cgjBe5Pm/rack/page_0/channel.4/device/gui/audioVideo/audioCapture/coreaudio/menu/selection -default-
Apr 16 22:07:33.722 myPeerName: MAX CONSOLE > mqtt /peer/43phBHskZAr3Z1cgjBe5Pm/rack/page_0/channel.4/device/gui/audioVideo/audioCapture/wasapi/menu/selection -default-
Apr 16 22:07:33.727 myPeerName: MAX CONSOLE > mqtt /peer/43phBHskZAr3Z1cgjBe5Pm/rack/page_0/channel.4/device/gui/audioVideo/audioCapture/advanced/compress/bitrate 64000
Apr 16 22:07:33.727 myPeerName: MAX CONSOLE > mqtt /peer/43phBHskZAr3Z1cgjBe5Pm/rack/page_0/channel.4/device/gui/audioVideo/audioCapture/advanced/compress/codec 1
Apr 16 22:07:33.727 myPeerName: MAX CONSOLE > mqtt /peer/43phBHskZAr3Z1cgjBe5Pm/rack/page_0/channel.4/device/gui/audioVideo/audioCapture/advanced/compress/samplerate 32000
Apr 16 22:07:33.727 myPeerName: MAX CONSOLE > mqtt /peer/43phBHskZAr3Z1cgjBe5Pm/rack/page_0/channel.4/device/gui/audioVideo/audioCapture/advanced/channels/channels 1
Apr 16 22:07:33.727 myPeerName: MAX CONSOLE > mqtt /peer/43phBHskZAr3Z1cgjBe5Pm/rack/page_0/channel.4/device/gui/audioVideo/audioCapture/jack/menu/selection -default-
Apr 16 22:07:33.727 myPeerName: MAX CONSOLE > mqtt /peer/43phBHskZAr3Z1cgjBe5Pm/rack/page_0/channel.4/device/gui/audioVideo/audioCapture/type 0
Apr 16 22:07:33.727 myPeerName: MAX CONSOLE > mqtt /peer/43phBHskZAr3Z1cgjBe5Pm/rack/page_0/channel.4/device/gui/audioVideo/audioReceiver/custom/customFlags/flags -none-
Apr 16 22:07:33.727 myPeerName: MAX CONSOLE > mqtt /peer/43phBHskZAr3Z1cgjBe5Pm/rack/page_0/channel.4/device/gui/audioVideo/audioReceiver/portaudio/menu/selection -default-
Apr 16 22:07:33.727 myPeerName: MAX CONSOLE > mqtt /peer/43phBHskZAr3Z1cgjBe5Pm/rack/page_0/channel.4/device/gui/audioVideo/audioReceiver/coreaudio/menu/selection -default-
Apr 16 22:07:33.727 myPeerName: MAX CONSOLE > mqtt /peer/43phBHskZAr3Z1cgjBe5Pm/rack/page_0/channel.4/device/gui/audioVideo/audioReceiver/wasapi/menu/selection -default-
Apr 16 22:07:33.727 myPeerName: MAX CONSOLE > mqtt /peer/43phBHskZAr3Z1cgjBe5Pm/rack/page_0/channel.4/device/gui/audioVideo/audioReceiver/advanced/channels/params -none-
Apr 16 22:07:33.727 myPeerName: MAX CONSOLE > mqtt /peer/43phBHskZAr3Z1cgjBe5Pm/rack/page_0/channel.4/device/gui/audioVideo/audioReceiver/jack/menu/selection -default-
Apr 16 22:07:33.727 myPeerName: MAX CONSOLE > mqtt /peer/43phBHskZAr3Z1cgjBe5Pm/rack/page_0/channel.4/device/gui/audioVideo/audioReceiver/type 0
Apr 16 22:07:33.727 myPeerName: MAX CONSOLE > mqtt /peer/43phBHskZAr3Z1cgjBe5Pm/rack/page_0/channel.4/device/gui/audioVideo/advanced/custom/customFlags/flags -none-
Apr 16 22:07:33.727 myPeerName: MAX CONSOLE > mqtt /peer/43phBHskZAr3Z1cgjBe5Pm/rack/page_0/channel.4/device/gui/audioVideo/advanced/advanced/params/params -none-
Apr 16 22:07:33.727 myPeerName: MAX CONSOLE > mqtt /peer/43phBHskZAr3Z1cgjBe5Pm/rack/page_0/channel.4/device/gui/audioVideo/advanced/advanced/encryption/key -none-
Apr 16 22:07:33.727 myPeerName: MAX CONSOLE > mqtt /peer/43phBHskZAr3Z1cgjBe5Pm/rack/page_0/channel.4/device/gui/network/mode 2
Apr 16 22:07:33.727 myPeerName: MAX CONSOLE > mqtt /peer/43phBHskZAr3Z1cgjBe5Pm/rack/page_0/channel.4/device/gui/network/holepuncher/stunServer stun4.l.google.com:19302
Apr 16 22:07:33.727 myPeerName: MAX CONSOLE > mqtt /peer/43phBHskZAr3Z1cgjBe5Pm/rack/page_0/channel.4/device/gui/network/local/customSending 0.0.0.0:11042
Apr 16 22:07:33.727 myPeerName: MAX CONSOLE > mqtt /peer/43phBHskZAr3Z1cgjBe5Pm/rack/page_0/channel.4/device/gui/network/ports/alternativeChannel 0
Apr 16 22:07:33.727 myPeerName: MAX CONSOLE > mqtt /peer/43phBHskZAr3Z1cgjBe5Pm/rack/page_0/channel.4/device/gui/network/ports/receiveChannel 0
Apr 16 22:07:33.727 myPeerName: MAX CONSOLE > mqtt /peer/43phBHskZAr3Z1cgjBe5Pm/rack/page_0/channel.4/device/gui/remoteValues/local_os 0
Apr 16 22:07:33.727 myPeerName: MAX CONSOLE > mqtt /peer/43phBHskZAr3Z1cgjBe5Pm/rack/page_0/channel.4/device/gui/monitor/log 0
Apr 16 22:07:33.727 myPeerName: MAX CONSOLE > mqtt /peer/43phBHskZAr3Z1cgjBe5Pm/rack/page_0/channel.4/device/gui/monitor/monitorGate 0
Apr 16 22:07:33.727 myPeerName: MAX CONSOLE > mqtt /peer/43phBHskZAr3Z1cgjBe5Pm/rack/page_0/channel.4/device/gui/print_cli 0
Apr 16 22:07:33.727 myPeerName: MAX CONSOLE > mqtt /peer/43phBHskZAr3Z1cgjBe5Pm/rack/page_0/channel.4/device/gui/description ultragrid
Apr 16 22:07:33.727 myPeerName: MAX CONSOLE > mqtt /peer/43phBHskZAr3Z1cgjBe5Pm/rack/page_0/channel.4/device/gui/enable 0
Apr 16 22:07:33.727 myPeerName: MAX CONSOLE > mqtt /peer/43phBHskZAr3Z1cgjBe5Pm/rack/page_0/channel.4/device/gui/updateMenu audioCapture jack
Apr 16 22:07:33.727 myPeerName: MAX CONSOLE > mqtt /peer/43phBHskZAr3Z1cgjBe5Pm/rack/page_0/channel.3/device/gui/indicators 1 0 0 -91.3800 0 0
Apr 16 22:07:33.727 myPeerName: MAX CONSOLE > mqtt /peer/43phBHskZAr3Z1cgjBe5Pm/rack/page_0/channel.3/device/gui/audioVideo/videoCapture/ndi/menu/selection name='IO (OBS_Motive)'
Apr 16 22:07:33.727 myPeerName: MAX CONSOLE > mqtt /peer/43phBHskZAr3Z1cgjBe5Pm/rack/page_0/channel.3/device/gui/audioVideo/videoCapture/type 1
Apr 16 22:07:33.727 myPeerName: MAX CONSOLE > mqtt /peer/43phBHskZAr3Z1cgjBe5Pm/rack/page_0/channel.3/device/gui/audioVideo/videoCapture/texture/menu/selection -default-
Apr 16 22:07:33.727 myPeerName: MAX CONSOLE > mqtt /peer/43phBHskZAr3Z1cgjBe5Pm/rack/page_0/channel.3/device/gui/audioVideo/videoCapture/custom/customFlags/flags -none-
Apr 16 22:07:33.727 myPeerName: MAX CONSOLE > mqtt /peer/43phBHskZAr3Z1cgjBe5Pm/rack/page_0/channel.3/device/gui/audioVideo/videoCapture/advanced/compress/bitrate 10
Apr 16 22:07:33.727 myPeerName: MAX CONSOLE > mqtt /peer/43phBHskZAr3Z1cgjBe5Pm/rack/page_0/channel.3/device/gui/audioVideo/videoCapture/advanced/compress/codec 2
Apr 16 22:07:33.727 myPeerName: MAX CONSOLE > mqtt /peer/43phBHskZAr3Z1cgjBe5Pm/rack/page_0/channel.3/device/gui/audioVideo/videoCapture/advanced/texture/fps 0
Apr 16 22:07:33.727 myPeerName: MAX CONSOLE > mqtt /peer/43phBHskZAr3Z1cgjBe5Pm/rack/page_0/channel.3/device/gui/audioVideo/videoCapture/advanced/filter/params -none-
Apr 16 22:07:33.727 myPeerName: MAX CONSOLE > mqtt /peer/43phBHskZAr3Z1cgjBe5Pm/rack/page_0/channel.3/device/gui/audioVideo/videoReciever/texture/name TryOut_channel_3
Apr 16 22:07:33.727 myPeerName: MAX CONSOLE > mqtt /peer/43phBHskZAr3Z1cgjBe5Pm/rack/page_0/channel.3/device/gui/audioVideo/videoReciever/texture/closedWindow 0
Apr 16 22:07:33.727 myPeerName: MAX CONSOLE > mqtt /peer/43phBHskZAr3Z1cgjBe5Pm/rack/page_0/channel.3/device/gui/audioVideo/videoReciever/ndi/name TryOut_channel_3
Apr 16 22:07:33.728 myPeerName: MAX CONSOLE > mqtt /peer/43phBHskZAr3Z1cgjBe5Pm/rack/page_0/channel.3/device/gui/audioVideo/videoReciever/custom/customFlags/flags -none-
Apr 16 22:07:33.728 myPeerName: MAX CONSOLE > mqtt /peer/43phBHskZAr3Z1cgjBe5Pm/rack/page_0/channel.3/device/gui/audioVideo/videoReciever/advanced/postprocessor/params -none-
Apr 16 22:07:33.728 myPeerName: MAX CONSOLE > mqtt /peer/43phBHskZAr3Z1cgjBe5Pm/rack/page_0/channel.3/device/gui/audioVideo/videoReciever/type 0
Apr 16 22:07:33.728 myPeerName: MAX CONSOLE > mqtt /peer/43phBHskZAr3Z1cgjBe5Pm/rack/page_0/channel.3/device/gui/audioVideo/connection 0
Apr 16 22:07:33.728 myPeerName: MAX CONSOLE > mqtt /peer/43phBHskZAr3Z1cgjBe5Pm/rack/page_0/channel.3/device/gui/audioVideo/audioCapture/custom/customFlags/flags -none-
Apr 16 22:07:33.728 myPeerName: MAX CONSOLE > mqtt /peer/43phBHskZAr3Z1cgjBe5Pm/rack/page_0/channel.3/device/gui/audioVideo/audioCapture/portaudio/menu/selection -default-
Apr 16 22:07:33.728 myPeerName: MAX CONSOLE > mqtt /peer/43phBHskZAr3Z1cgjBe5Pm/rack/page_0/channel.3/device/gui/audioVideo/audioCapture/testcard/frequency 440
Apr 16 22:07:33.728 myPeerName: MAX CONSOLE > mqtt /peer/43phBHskZAr3Z1cgjBe5Pm/rack/page_0/channel.3/device/gui/audioVideo/audioCapture/testcard/volume -18
Apr 16 22:07:33.728 myPeerName: MAX CONSOLE > mqtt /peer/43phBHskZAr3Z1cgjBe5Pm/rack/page_0/channel.3/device/gui/audioVideo/audioCapture/coreaudio/menu/selection -default-
Apr 16 22:07:33.728 myPeerName: MAX CONSOLE > mqtt /peer/43phBHskZAr3Z1cgjBe5Pm/rack/page_0/channel.3/device/gui/audioVideo/audioCapture/wasapi/menu/selection -default-
Apr 16 22:07:33.728 myPeerName: MAX CONSOLE > mqtt /peer/43phBHskZAr3Z1cgjBe5Pm/rack/page_0/channel.3/device/gui/audioVideo/audioCapture/advanced/compress/bitrate 64000
Apr 16 22:07:33.728 myPeerName: MAX CONSOLE > mqtt /peer/43phBHskZAr3Z1cgjBe5Pm/rack/page_0/channel.3/device/gui/audioVideo/audioCapture/advanced/compress/codec 1
Apr 16 22:07:33.728 myPeerName: MAX CONSOLE > mqtt /peer/43phBHskZAr3Z1cgjBe5Pm/rack/page_0/channel.3/device/gui/audioVideo/audioCapture/advanced/compress/samplerate 32000
Apr 16 22:07:33.728 myPeerName: MAX CONSOLE > mqtt /peer/43phBHskZAr3Z1cgjBe5Pm/rack/page_0/channel.3/device/gui/audioVideo/audioCapture/advanced/channels/channels 1
Apr 16 22:07:33.728 myPeerName: MAX CONSOLE > mqtt /peer/43phBHskZAr3Z1cgjBe5Pm/rack/page_0/channel.3/device/gui/audioVideo/audioCapture/jack/menu/selection -default-
Apr 16 22:07:33.728 myPeerName: MAX CONSOLE > mqtt /peer/43phBHskZAr3Z1cgjBe5Pm/rack/page_0/channel.3/device/gui/audioVideo/audioCapture/type 0
Apr 16 22:07:33.728 myPeerName: MAX CONSOLE > mqtt /peer/43phBHskZAr3Z1cgjBe5Pm/rack/page_0/channel.3/device/gui/audioVideo/audioReceiver/custom/customFlags/flags -none-
Apr 16 22:07:33.734 myPeerName: MAX CONSOLE > mqtt /peer/43phBHskZAr3Z1cgjBe5Pm/rack/page_0/channel.3/device/gui/audioVideo/audioReceiver/portaudio/menu/selection -default-
Apr 16 22:07:33.734 myPeerName: MAX CONSOLE > mqtt /peer/43phBHskZAr3Z1cgjBe5Pm/rack/page_0/channel.3/device/gui/audioVideo/audioReceiver/coreaudio/menu/selection -default-
Apr 16 22:07:33.734 myPeerName: MAX CONSOLE > mqtt /peer/43phBHskZAr3Z1cgjBe5Pm/rack/page_0/channel.3/device/gui/audioVideo/audioReceiver/wasapi/menu/selection -default-
Apr 16 22:07:33.734 myPeerName: MAX CONSOLE > mqtt /peer/43phBHskZAr3Z1cgjBe5Pm/rack/page_0/channel.3/device/gui/audioVideo/audioReceiver/advanced/channels/params -none-
Apr 16 22:07:33.734 myPeerName: MAX CONSOLE > mqtt /peer/43phBHskZAr3Z1cgjBe5Pm/rack/page_0/channel.3/device/gui/audioVideo/audioReceiver/jack/menu/selection -default-
Apr 16 22:07:33.734 myPeerName: MAX CONSOLE > mqtt /peer/43phBHskZAr3Z1cgjBe5Pm/rack/page_0/channel.3/device/gui/audioVideo/audioReceiver/type 0
Apr 16 22:07:33.734 myPeerName: MAX CONSOLE > mqtt /peer/43phBHskZAr3Z1cgjBe5Pm/rack/page_0/channel.3/device/gui/audioVideo/advanced/custom/customFlags/flags -none-
Apr 16 22:07:33.734 myPeerName: MAX CONSOLE > mqtt /peer/43phBHskZAr3Z1cgjBe5Pm/rack/page_0/channel.3/device/gui/audioVideo/advanced/advanced/params/params -none-
Apr 16 22:07:33.734 myPeerName: MAX CONSOLE > mqtt /peer/43phBHskZAr3Z1cgjBe5Pm/rack/page_0/channel.3/device/gui/audioVideo/advanced/advanced/encryption/key -none-
Apr 16 22:07:33.734 myPeerName: MAX CONSOLE > mqtt /peer/43phBHskZAr3Z1cgjBe5Pm/rack/page_0/channel.3/device/gui/audioVideo/transmission 2
Apr 16 22:07:33.734 myPeerName: MAX CONSOLE > mqtt /peer/43phBHskZAr3Z1cgjBe5Pm/rack/page_0/channel.3/device/gui/network/mode 1
Apr 16 22:07:33.734 myPeerName: MAX CONSOLE > mqtt /peer/43phBHskZAr3Z1cgjBe5Pm/rack/page_0/channel.3/device/gui/network/holepuncher/stunServer stun4.l.google.com:19302
Apr 16 22:07:33.734 myPeerName: MAX CONSOLE > mqtt /peer/43phBHskZAr3Z1cgjBe5Pm/rack/page_0/channel.3/device/gui/network/local/customSending 0.0.0.0:11032
Apr 16 22:07:33.734 myPeerName: MAX CONSOLE > mqtt /peer/43phBHskZAr3Z1cgjBe5Pm/rack/page_0/channel.3/device/gui/network/ports/alternativeChannel 0
Apr 16 22:07:33.734 myPeerName: MAX CONSOLE > mqtt /peer/43phBHskZAr3Z1cgjBe5Pm/rack/page_0/channel.3/device/gui/network/ports/receiveChannel 0
Apr 16 22:07:33.734 myPeerName: MAX CONSOLE > mqtt /peer/43phBHskZAr3Z1cgjBe5Pm/rack/page_0/channel.3/device/gui/monitor/log [Audio sender] Volume: [0] -96.70/-90.31 dBFS RMS/peak
Apr 16 22:07:33.734 myPeerName: MAX CONSOLE > mqtt /peer/43phBHskZAr3Z1cgjBe5Pm/rack/page_0/channel.3/device/gui/monitor/monitorGate 0
Apr 16 22:07:33.734 myPeerName: MAX CONSOLE > mqtt /peer/43phBHskZAr3Z1cgjBe5Pm/rack/page_0/channel.3/device/gui/remoteValues/local_os 0
Apr 16 22:07:33.734 myPeerName: MAX CONSOLE > mqtt /peer/43phBHskZAr3Z1cgjBe5Pm/rack/page_0/channel.3/device/gui/updateMenu ndi
Apr 16 22:07:33.734 myPeerName: MAX CONSOLE > mqtt /peer/43phBHskZAr3Z1cgjBe5Pm/rack/page_0/channel.3/device/gui/enable 1
Apr 16 22:07:33.734 myPeerName: MAX CONSOLE > mqtt /peer/43phBHskZAr3Z1cgjBe5Pm/rack/page_0/channel.3/device/gui/print_cli 0
Apr 16 22:07:33.734 myPeerName: MAX CONSOLE > mqtt /peer/43phBHskZAr3Z1cgjBe5Pm/rack/page_0/channel.3/device/gui/description ultragrid
Apr 16 22:07:33.734 myPeerName: MAX CONSOLE > mqtt /peer/43phBHskZAr3Z1cgjBe5Pm/rack/page_0/channel.1/device/gui/direction/select 1
Apr 16 22:07:33.734 myPeerName: MAX CONSOLE > mqtt /peer/43phBHskZAr3Z1cgjBe5Pm/rack/page_0/channel.1/device/gui/direction/enableNatNet 1
Apr 16 22:07:33.734 myPeerName: MAX CONSOLE > mqtt /peer/43phBHskZAr3Z1cgjBe5Pm/rack/page_0/channel.1/device/gui/natnet/codec 0
Apr 16 22:07:33.734 myPeerName: MAX CONSOLE > mqtt /peer/43phBHskZAr3Z1cgjBe5Pm/rack/page_0/channel.1/device/gui/natnet/sendMarkerInfos 1
Apr 16 22:07:33.734 myPeerName: MAX CONSOLE > mqtt /peer/43phBHskZAr3Z1cgjBe5Pm/rack/page_0/channel.1/device/gui/natnet/sendSkeletons 1
Apr 16 22:07:33.734 myPeerName: MAX CONSOLE > mqtt /peer/43phBHskZAr3Z1cgjBe5Pm/rack/page_0/channel.1/device/gui/natnet/yUp2zUp 1
Apr 16 22:07:33.734 myPeerName: MAX CONSOLE > mqtt /peer/43phBHskZAr3Z1cgjBe5Pm/rack/page_0/channel.1/device/gui/natnet/autoReconnect 0
Apr 16 22:07:33.734 myPeerName: MAX CONSOLE > mqtt /peer/43phBHskZAr3Z1cgjBe5Pm/rack/page_0/channel.1/device/gui/natnet/bundled 0
Apr 16 22:07:33.734 myPeerName: MAX CONSOLE > mqtt /peer/43phBHskZAr3Z1cgjBe5Pm/rack/page_0/channel.1/device/gui/natnet/cmdPort 1510
Apr 16 22:07:33.734 myPeerName: MAX CONSOLE > mqtt /peer/43phBHskZAr3Z1cgjBe5Pm/rack/page_0/channel.1/device/gui/natnet/dataPort 1511
Apr 16 22:07:33.734 myPeerName: MAX CONSOLE > mqtt /peer/43phBHskZAr3Z1cgjBe5Pm/rack/page_0/channel.1/device/gui/natnet/frameModulo 1
Apr 16 22:07:33.734 myPeerName: MAX CONSOLE > mqtt /peer/43phBHskZAr3Z1cgjBe5Pm/rack/page_0/channel.1/device/gui/natnet/invmatrix 0
Apr 16 22:07:33.734 myPeerName: MAX CONSOLE > mqtt /peer/43phBHskZAr3Z1cgjBe5Pm/rack/page_0/channel.1/device/gui/natnet/leftHanded 0
Apr 16 22:07:33.734 myPeerName: MAX CONSOLE > mqtt /peer/43phBHskZAr3Z1cgjBe5Pm/rack/page_0/channel.1/device/gui/natnet/matrix 0
Apr 16 22:07:33.734 myPeerName: MAX CONSOLE > mqtt /peer/43phBHskZAr3Z1cgjBe5Pm/rack/page_0/channel.1/device/gui/natnet/motiveIP 10.21.136.113
Apr 16 22:07:33.734 myPeerName: MAX CONSOLE > mqtt /peer/43phBHskZAr3Z1cgjBe5Pm/rack/page_0/channel.1/device/gui/natnet/multicastIP 239.255.42.99
Apr 16 22:07:33.734 myPeerName: MAX CONSOLE > mqtt /peer/43phBHskZAr3Z1cgjBe5Pm/rack/page_0/channel.1/device/gui/natnet/sendOtherMarkerInfos 0
Apr 16 22:07:33.734 myPeerName: MAX CONSOLE > mqtt /peer/43phBHskZAr3Z1cgjBe5Pm/rack/page_0/channel.1/device/gui/natnet/verbose 0
Apr 16 22:07:33.734 myPeerName: MAX CONSOLE > mqtt /peer/43phBHskZAr3Z1cgjBe5Pm/rack/page_0/channel.1/device/gui/natnet/defaultLocalIP 0
Apr 16 22:07:33.734 myPeerName: MAX CONSOLE > mqtt /peer/43phBHskZAr3Z1cgjBe5Pm/rack/page_0/channel.1/device/gui/remoteValues/local_os 0
Apr 16 22:07:33.734 myPeerName: MAX CONSOLE > mqtt /peer/43phBHskZAr3Z1cgjBe5Pm/rack/page_0/channel.1/device/gui/enable 1
Apr 16 22:07:33.734 myPeerName: MAX CONSOLE > mqtt /peer/43phBHskZAr3Z1cgjBe5Pm/rack/page_0/channel.1/device/gui/indicators 0 0 0 0
Apr 16 22:07:33.734 myPeerName: MAX CONSOLE > mqtt /peer/43phBHskZAr3Z1cgjBe5Pm/rack/page_0/channel.1/device/gui/localudp/inputPort 10012
Apr 16 22:07:33.734 myPeerName: MAX CONSOLE > mqtt /peer/43phBHskZAr3Z1cgjBe5Pm/rack/page_0/channel.1/device/gui/localudp/listeningIP 10.21.136.113
Apr 16 22:07:33.734 myPeerName: MAX CONSOLE > mqtt /peer/43phBHskZAr3Z1cgjBe5Pm/rack/page_0/channel.1/device/gui/localudp/outputIPOne 10.21.136.113
Apr 16 22:07:33.734 myPeerName: MAX CONSOLE > mqtt /peer/43phBHskZAr3Z1cgjBe5Pm/rack/page_0/channel.1/device/gui/localudp/outputIPTwo 10.21.136.113
Apr 16 22:07:33.734 myPeerName: MAX CONSOLE > mqtt /peer/43phBHskZAr3Z1cgjBe5Pm/rack/page_0/channel.1/device/gui/localudp/outputPortOne 10010
Apr 16 22:07:33.734 myPeerName: MAX CONSOLE > mqtt /peer/43phBHskZAr3Z1cgjBe5Pm/rack/page_0/channel.1/device/gui/localudp/outputPortTwo 10011
Apr 16 22:07:33.734 myPeerName: MAX CONSOLE > mqtt /peer/43phBHskZAr3Z1cgjBe5Pm/rack/page_0/channel.1/device/gui/localudp/reset 1
Apr 16 22:07:33.734 myPeerName: MAX CONSOLE > mqtt /peer/43phBHskZAr3Z1cgjBe5Pm/rack/page_0/channel.1/device/gui/monitor/log 0
Apr 16 22:07:33.734 myPeerName: MAX CONSOLE > mqtt /peer/43phBHskZAr3Z1cgjBe5Pm/rack/page_0/channel.1/device/gui/monitor/monitorGate 0
Apr 16 22:07:33.734 myPeerName: MAX CONSOLE > mqtt /peer/43phBHskZAr3Z1cgjBe5Pm/rack/page_0/channel.1/device/gui/description MoCap
Apr 16 22:07:33.734 myPeerName: MAX CONSOLE > mqtt /peer/43phBHskZAr3Z1cgjBe5Pm/rack/page_0/channel.1/device/gui/enableTwo 0
Apr 16 22:07:33.734 myPeerName: MAX CONSOLE > mqtt /peer/43phBHskZAr3Z1cgjBe5Pm/rack/page_0/channel.2/device/gui/direction/select 4
Apr 16 22:07:33.734 myPeerName: MAX CONSOLE > mqtt /peer/43phBHskZAr3Z1cgjBe5Pm/rack/page_0/channel.2/device/gui/direction/enableNatNet 1
Apr 16 22:07:33.734 myPeerName: MAX CONSOLE > mqtt /peer/43phBHskZAr3Z1cgjBe5Pm/rack/page_0/channel.2/device/gui/localudp/outputIPOne 10.21.136.112
Apr 16 22:07:33.734 myPeerName: MAX CONSOLE > mqtt /peer/43phBHskZAr3Z1cgjBe5Pm/rack/page_0/channel.2/device/gui/localudp/outputPortOne 10050
Apr 16 22:07:33.734 myPeerName: MAX CONSOLE > mqtt /peer/43phBHskZAr3Z1cgjBe5Pm/rack/page_0/channel.2/device/gui/localudp/inputPort 10022
Apr 16 22:07:33.734 myPeerName: MAX CONSOLE > mqtt /peer/43phBHskZAr3Z1cgjBe5Pm/rack/page_0/channel.2/device/gui/localudp/listeningIP 10.21.136.113
Apr 16 22:07:33.734 myPeerName: MAX CONSOLE > mqtt /peer/43phBHskZAr3Z1cgjBe5Pm/rack/page_0/channel.2/device/gui/localudp/outputIPTwo 10.21.136.113
Apr 16 22:07:33.734 myPeerName: MAX CONSOLE > mqtt /peer/43phBHskZAr3Z1cgjBe5Pm/rack/page_0/channel.2/device/gui/localudp/outputPortTwo 10021
Apr 16 22:07:33.734 myPeerName: MAX CONSOLE > mqtt /peer/43phBHskZAr3Z1cgjBe5Pm/rack/page_0/channel.2/device/gui/localudp/reset 1
Apr 16 22:07:33.734 myPeerName: MAX CONSOLE > mqtt /peer/43phBHskZAr3Z1cgjBe5Pm/rack/page_0/channel.2/device/gui/natnet/codec 0
Apr 16 22:07:33.734 myPeerName: MAX CONSOLE > mqtt /peer/43phBHskZAr3Z1cgjBe5Pm/rack/page_0/channel.2/device/gui/natnet/autoReconnect 0
Apr 16 22:07:33.734 myPeerName: MAX CONSOLE > mqtt /peer/43phBHskZAr3Z1cgjBe5Pm/rack/page_0/channel.2/device/gui/natnet/bundled 0
Apr 16 22:07:33.734 myPeerName: MAX CONSOLE > mqtt /peer/43phBHskZAr3Z1cgjBe5Pm/rack/page_0/channel.2/device/gui/natnet/cmdPort 1510
Apr 16 22:07:33.734 myPeerName: MAX CONSOLE > mqtt /peer/43phBHskZAr3Z1cgjBe5Pm/rack/page_0/channel.2/device/gui/natnet/dataPort 1511
Apr 16 22:07:33.734 myPeerName: MAX CONSOLE > mqtt /peer/43phBHskZAr3Z1cgjBe5Pm/rack/page_0/channel.2/device/gui/natnet/frameModulo 1
Apr 16 22:07:33.734 myPeerName: MAX CONSOLE > mqtt /peer/43phBHskZAr3Z1cgjBe5Pm/rack/page_0/channel.2/device/gui/natnet/invmatrix 0
Apr 16 22:07:33.734 myPeerName: MAX CONSOLE > mqtt /peer/43phBHskZAr3Z1cgjBe5Pm/rack/page_0/channel.2/device/gui/natnet/leftHanded 0
Apr 16 22:07:33.734 myPeerName: MAX CONSOLE > mqtt /peer/43phBHskZAr3Z1cgjBe5Pm/rack/page_0/channel.2/device/gui/natnet/matrix 0
Apr 16 22:07:33.734 myPeerName: MAX CONSOLE > mqtt /peer/43phBHskZAr3Z1cgjBe5Pm/rack/page_0/channel.2/device/gui/natnet/motiveIP 10.21.136.113
Apr 16 22:07:33.734 myPeerName: MAX CONSOLE > mqtt /peer/43phBHskZAr3Z1cgjBe5Pm/rack/page_0/channel.2/device/gui/natnet/multicastIP 239.255.42.99
Apr 16 22:07:33.734 myPeerName: MAX CONSOLE > mqtt /peer/43phBHskZAr3Z1cgjBe5Pm/rack/page_0/channel.2/device/gui/natnet/sendMarkerInfos 0
Apr 16 22:07:33.734 myPeerName: MAX CONSOLE > mqtt /peer/43phBHskZAr3Z1cgjBe5Pm/rack/page_0/channel.2/device/gui/natnet/sendOtherMarkerInfos 0
Apr 16 22:07:33.734 myPeerName: MAX CONSOLE > mqtt /peer/43phBHskZAr3Z1cgjBe5Pm/rack/page_0/channel.2/device/gui/natnet/sendSkeletons 0
Apr 16 22:07:33.734 myPeerName: MAX CONSOLE > mqtt /peer/43phBHskZAr3Z1cgjBe5Pm/rack/page_0/channel.2/device/gui/natnet/verbose 0
Apr 16 22:07:33.734 myPeerName: MAX CONSOLE > mqtt /peer/43phBHskZAr3Z1cgjBe5Pm/rack/page_0/channel.2/device/gui/natnet/yUp2zUp 0
Apr 16 22:07:33.745 myPeerName: MAX CONSOLE > mqtt /peer/43phBHskZAr3Z1cgjBe5Pm/rack/page_0/channel.2/device/gui/natnet/defaultLocalIP 0
Apr 16 22:07:33.745 myPeerName: MAX CONSOLE > mqtt /peer/43phBHskZAr3Z1cgjBe5Pm/rack/page_0/channel.2/device/gui/indicators 0 0 0 0
Apr 16 22:07:33.745 myPeerName: MAX CONSOLE > mqtt /peer/43phBHskZAr3Z1cgjBe5Pm/rack/page_0/channel.2/device/gui/description Flowers
Apr 16 22:07:33.745 myPeerName: MAX CONSOLE > mqtt /peer/43phBHskZAr3Z1cgjBe5Pm/rack/page_0/channel.2/device/gui/enable 1
Apr 16 22:07:33.745 myPeerName: MAX CONSOLE > mqtt /peer/43phBHskZAr3Z1cgjBe5Pm/rack/page_0/channel.2/device/gui/monitor/monitorGate 0
Apr 16 22:07:33.745 myPeerName: MAX CONSOLE > mqtt /peer/43phBHskZAr3Z1cgjBe5Pm/rack/page_0/channel.2/device/gui/monitor/log 0
Apr 16 22:07:33.745 myPeerName: MAX CONSOLE > mqtt /peer/43phBHskZAr3Z1cgjBe5Pm/rack/page_0/channel.2/device/gui/remoteValues/local_os windows
Apr 16 22:07:33.745 myPeerName: MAX CONSOLE > mqtt /peer/43phBHskZAr3Z1cgjBe5Pm/rack/page_0/channel.2/device/gui/enableTwo 0
Apr 16 22:07:33.745 myPeerName: MAX CONSOLE > mqtt /peer/43phBHskZAr3Z1cgjBe5Pm/rack/page_0/channel.5/device/gui/direction/select 4
Apr 16 22:07:33.745 myPeerName: MAX CONSOLE > mqtt /peer/43phBHskZAr3Z1cgjBe5Pm/rack/page_0/channel.5/device/gui/direction/enableNatNet 1
Apr 16 22:07:33.745 myPeerName: MAX CONSOLE > mqtt /peer/43phBHskZAr3Z1cgjBe5Pm/rack/page_0/channel.5/device/gui/localudp/outputIPOne 10.21.137.64
Apr 16 22:07:33.745 myPeerName: MAX CONSOLE > mqtt /peer/43phBHskZAr3Z1cgjBe5Pm/rack/page_0/channel.5/device/gui/localudp/inputPort 10052
Apr 16 22:07:33.745 myPeerName: MAX CONSOLE > mqtt /peer/43phBHskZAr3Z1cgjBe5Pm/rack/page_0/channel.5/device/gui/localudp/listeningIP 10.21.136.113
Apr 16 22:07:33.745 myPeerName: MAX CONSOLE > mqtt /peer/43phBHskZAr3Z1cgjBe5Pm/rack/page_0/channel.5/device/gui/localudp/outputIPTwo 10.21.136.113
Apr 16 22:07:33.745 myPeerName: MAX CONSOLE > mqtt /peer/43phBHskZAr3Z1cgjBe5Pm/rack/page_0/channel.5/device/gui/localudp/outputPortOne 10050
Apr 16 22:07:33.745 myPeerName: MAX CONSOLE > mqtt /peer/43phBHskZAr3Z1cgjBe5Pm/rack/page_0/channel.5/device/gui/localudp/outputPortTwo 10051
Apr 16 22:07:33.745 myPeerName: MAX CONSOLE > mqtt /peer/43phBHskZAr3Z1cgjBe5Pm/rack/page_0/channel.5/device/gui/localudp/reset 1
Apr 16 22:07:33.745 myPeerName: MAX CONSOLE > mqtt /peer/43phBHskZAr3Z1cgjBe5Pm/rack/page_0/channel.5/device/gui/natnet/autoReconnect 1
Apr 16 22:07:33.745 myPeerName: MAX CONSOLE > mqtt /peer/43phBHskZAr3Z1cgjBe5Pm/rack/page_0/channel.5/device/gui/natnet/codec 0
Apr 16 22:07:33.745 myPeerName: MAX CONSOLE > mqtt /peer/43phBHskZAr3Z1cgjBe5Pm/rack/page_0/channel.5/device/gui/natnet/frameModulo 6
Apr 16 22:07:33.745 myPeerName: MAX CONSOLE > mqtt /peer/43phBHskZAr3Z1cgjBe5Pm/rack/page_0/channel.5/device/gui/natnet/sendMarkerInfos 1
Apr 16 22:07:33.745 myPeerName: MAX CONSOLE > mqtt /peer/43phBHskZAr3Z1cgjBe5Pm/rack/page_0/channel.5/device/gui/natnet/yUp2zUp 1
Apr 16 22:07:33.745 myPeerName: MAX CONSOLE > mqtt /peer/43phBHskZAr3Z1cgjBe5Pm/rack/page_0/channel.5/device/gui/natnet/bundled 0
Apr 16 22:07:33.745 myPeerName: MAX CONSOLE > mqtt /peer/43phBHskZAr3Z1cgjBe5Pm/rack/page_0/channel.5/device/gui/natnet/cmdPort 1510
Apr 16 22:07:33.745 myPeerName: MAX CONSOLE > mqtt /peer/43phBHskZAr3Z1cgjBe5Pm/rack/page_0/channel.5/device/gui/natnet/dataPort 1511
Apr 16 22:07:33.745 myPeerName: MAX CONSOLE > mqtt /peer/43phBHskZAr3Z1cgjBe5Pm/rack/page_0/channel.5/device/gui/natnet/invmatrix 0
Apr 16 22:07:33.745 myPeerName: MAX CONSOLE > mqtt /peer/43phBHskZAr3Z1cgjBe5Pm/rack/page_0/channel.5/device/gui/natnet/leftHanded 0
Apr 16 22:07:33.745 myPeerName: MAX CONSOLE > mqtt /peer/43phBHskZAr3Z1cgjBe5Pm/rack/page_0/channel.5/device/gui/natnet/matrix 0
Apr 16 22:07:33.745 myPeerName: MAX CONSOLE > mqtt /peer/43phBHskZAr3Z1cgjBe5Pm/rack/page_0/channel.5/device/gui/natnet/motiveIP 10.21.136.113
Apr 16 22:07:33.745 myPeerName: MAX CONSOLE > mqtt /peer/43phBHskZAr3Z1cgjBe5Pm/rack/page_0/channel.5/device/gui/natnet/multicastIP 239.255.42.99
Apr 16 22:07:33.745 myPeerName: MAX CONSOLE > mqtt /peer/43phBHskZAr3Z1cgjBe5Pm/rack/page_0/channel.5/device/gui/natnet/sendOtherMarkerInfos 0
Apr 16 22:07:33.745 myPeerName: MAX CONSOLE > mqtt /peer/43phBHskZAr3Z1cgjBe5Pm/rack/page_0/channel.5/device/gui/natnet/sendSkeletons 0
Apr 16 22:07:33.745 myPeerName: MAX CONSOLE > mqtt /peer/43phBHskZAr3Z1cgjBe5Pm/rack/page_0/channel.5/device/gui/natnet/verbose 0
Apr 16 22:07:33.745 myPeerName: MAX CONSOLE > mqtt /peer/43phBHskZAr3Z1cgjBe5Pm/rack/page_0/channel.5/device/gui/natnet/defaultLocalIP 0
Apr 16 22:07:33.745 myPeerName: MAX CONSOLE > mqtt /peer/43phBHskZAr3Z1cgjBe5Pm/rack/page_0/channel.5/device/gui/monitor/log ======================== STREAMING IN (PRESS ESC TO EXIT) =====================
Apr 16 22:07:33.745 myPeerName: MAX CONSOLE > mqtt /peer/43phBHskZAr3Z1cgjBe5Pm/rack/page_0/channel.5/device/gui/monitor/monitorGate 0
Apr 16 22:07:33.746 myPeerName: MAX CONSOLE > mqtt /peer/43phBHskZAr3Z1cgjBe5Pm/rack/page_0/channel.5/device/gui/description Olivia
Apr 16 22:07:33.746 myPeerName: MAX CONSOLE > mqtt /peer/43phBHskZAr3Z1cgjBe5Pm/rack/page_0/channel.5/device/gui/enable 1
Apr 16 22:07:33.746 myPeerName: MAX CONSOLE > mqtt /peer/43phBHskZAr3Z1cgjBe5Pm/rack/page_0/channel.5/device/gui/indicators 0 0 0 0
Apr 16 22:07:33.746 myPeerName: MAX CONSOLE > mqtt /peer/43phBHskZAr3Z1cgjBe5Pm/rack/page_0/channel.5/device/gui/remoteValues/local_os windows
Apr 16 22:07:33.746 myPeerName: MAX CONSOLE > mqtt /peer/43phBHskZAr3Z1cgjBe5Pm/rack/page_0/channel.5/device/gui/enableTwo 0
Apr 16 22:07:33.746 myPeerName: MAX CONSOLE > mqtt /peer/43phBHskZAr3Z1cgjBe5Pm/rack/page_0/channel.6/device/gui/direction/select 4
Apr 16 22:07:33.746 myPeerName: MAX CONSOLE > mqtt /peer/43phBHskZAr3Z1cgjBe5Pm/rack/page_0/channel.6/device/gui/direction/enableNatNet 1
Apr 16 22:07:33.746 myPeerName: MAX CONSOLE > mqtt /peer/43phBHskZAr3Z1cgjBe5Pm/rack/page_0/channel.6/device/gui/localudp/outputIPOne 10.21.137.81
Apr 16 22:07:33.746 myPeerName: MAX CONSOLE > mqtt /peer/43phBHskZAr3Z1cgjBe5Pm/rack/page_0/channel.6/device/gui/localudp/inputPort 10062
Apr 16 22:07:33.746 myPeerName: MAX CONSOLE > mqtt /peer/43phBHskZAr3Z1cgjBe5Pm/rack/page_0/channel.6/device/gui/localudp/listeningIP 10.21.136.113
Apr 16 22:07:33.746 myPeerName: MAX CONSOLE > mqtt /peer/43phBHskZAr3Z1cgjBe5Pm/rack/page_0/channel.6/device/gui/localudp/outputIPTwo 10.21.136.113
Apr 16 22:07:33.746 myPeerName: MAX CONSOLE > mqtt /peer/43phBHskZAr3Z1cgjBe5Pm/rack/page_0/channel.6/device/gui/localudp/outputPortOne 10060
Apr 16 22:07:33.746 myPeerName: MAX CONSOLE > mqtt /peer/43phBHskZAr3Z1cgjBe5Pm/rack/page_0/channel.6/device/gui/localudp/outputPortTwo 10061
Apr 16 22:07:33.746 myPeerName: MAX CONSOLE > mqtt /peer/43phBHskZAr3Z1cgjBe5Pm/rack/page_0/channel.6/device/gui/localudp/reset 1
Apr 16 22:07:33.746 myPeerName: MAX CONSOLE > mqtt /peer/43phBHskZAr3Z1cgjBe5Pm/rack/page_0/channel.6/device/gui/natnet/autoReconnect 1
Apr 16 22:07:33.746 myPeerName: MAX CONSOLE > mqtt /peer/43phBHskZAr3Z1cgjBe5Pm/rack/page_0/channel.6/device/gui/natnet/codec 0
Apr 16 22:07:33.746 myPeerName: MAX CONSOLE > mqtt /peer/43phBHskZAr3Z1cgjBe5Pm/rack/page_0/channel.6/device/gui/natnet/frameModulo 6
Apr 16 22:07:33.746 myPeerName: MAX CONSOLE > mqtt /peer/43phBHskZAr3Z1cgjBe5Pm/rack/page_0/channel.6/device/gui/natnet/sendMarkerInfos 1
Apr 16 22:07:33.746 myPeerName: MAX CONSOLE > mqtt /peer/43phBHskZAr3Z1cgjBe5Pm/rack/page_0/channel.6/device/gui/natnet/defaultLocalIP 0
Apr 16 22:07:33.746 myPeerName: MAX CONSOLE > mqtt /peer/43phBHskZAr3Z1cgjBe5Pm/rack/page_0/channel.6/device/gui/natnet/bundled 0
Apr 16 22:07:33.746 myPeerName: MAX CONSOLE > mqtt /peer/43phBHskZAr3Z1cgjBe5Pm/rack/page_0/channel.6/device/gui/natnet/cmdPort 1510
Apr 16 22:07:33.746 myPeerName: MAX CONSOLE > mqtt /peer/43phBHskZAr3Z1cgjBe5Pm/rack/page_0/channel.6/device/gui/natnet/dataPort 1511
Apr 16 22:07:33.746 myPeerName: MAX CONSOLE > mqtt /peer/43phBHskZAr3Z1cgjBe5Pm/rack/page_0/channel.6/device/gui/natnet/invmatrix 0
Apr 16 22:07:33.746 myPeerName: MAX CONSOLE > mqtt /peer/43phBHskZAr3Z1cgjBe5Pm/rack/page_0/channel.6/device/gui/natnet/leftHanded 0
Apr 16 22:07:33.746 myPeerName: MAX CONSOLE > mqtt /peer/43phBHskZAr3Z1cgjBe5Pm/rack/page_0/channel.6/device/gui/natnet/matrix 0
Apr 16 22:07:33.746 myPeerName: MAX CONSOLE > mqtt /peer/43phBHskZAr3Z1cgjBe5Pm/rack/page_0/channel.6/device/gui/natnet/motiveIP 10.21.136.113
Apr 16 22:07:33.746 myPeerName: MAX CONSOLE > mqtt /peer/43phBHskZAr3Z1cgjBe5Pm/rack/page_0/channel.6/device/gui/natnet/multicastIP 239.255.42.99
Apr 16 22:07:33.746 myPeerName: MAX CONSOLE > mqtt /peer/43phBHskZAr3Z1cgjBe5Pm/rack/page_0/channel.6/device/gui/natnet/sendOtherMarkerInfos 0
Apr 16 22:07:33.746 myPeerName: MAX CONSOLE > mqtt /peer/43phBHskZAr3Z1cgjBe5Pm/rack/page_0/channel.6/device/gui/natnet/sendSkeletons 0
Apr 16 22:07:33.746 myPeerName: MAX CONSOLE > mqtt /peer/43phBHskZAr3Z1cgjBe5Pm/rack/page_0/channel.6/device/gui/natnet/verbose 0
Apr 16 22:07:33.746 myPeerName: MAX CONSOLE > mqtt /peer/43phBHskZAr3Z1cgjBe5Pm/rack/page_0/channel.6/device/gui/natnet/yUp2zUp 0
Apr 16 22:07:33.746 myPeerName: MAX CONSOLE > mqtt /peer/43phBHskZAr3Z1cgjBe5Pm/rack/page_0/channel.6/device/gui/description Roman
Apr 16 22:07:33.746 myPeerName: MAX CONSOLE > mqtt /peer/43phBHskZAr3Z1cgjBe5Pm/rack/page_0/channel.6/device/gui/enable 1
Apr 16 22:07:33.747 myPeerName: MAX CONSOLE > mqtt /peer/43phBHskZAr3Z1cgjBe5Pm/rack/page_0/channel.6/device/gui/indicators 0 0 0 0
Apr 16 22:07:33.747 myPeerName: MAX CONSOLE > mqtt /peer/43phBHskZAr3Z1cgjBe5Pm/rack/page_0/channel.6/device/gui/monitor/log 0
Apr 16 22:07:33.747 myPeerName: MAX CONSOLE > mqtt /peer/43phBHskZAr3Z1cgjBe5Pm/rack/page_0/channel.6/device/gui/monitor/monitorGate 0
Apr 16 22:07:33.747 myPeerName: MAX CONSOLE > mqtt /peer/43phBHskZAr3Z1cgjBe5Pm/rack/page_0/channel.6/device/gui/remoteValues/local_os windows
Apr 16 22:07:33.747 myPeerName: MAX CONSOLE > mqtt /peer/43phBHskZAr3Z1cgjBe5Pm/rack/page_0/channel.6/device/gui/enableTwo 0
Apr 16 22:07:33.747 myPeerName: MAX CONSOLE > mqtt /peer/43phBHskZAr3Z1cgjBe5Pm/rack/page_0/channel.9/device/gui/direction/select 1
Apr 16 22:07:33.747 myPeerName: MAX CONSOLE > mqtt /peer/43phBHskZAr3Z1cgjBe5Pm/rack/page_0/channel.9/device/gui/direction/enableNatNet 1
Apr 16 22:07:33.747 myPeerName: MAX CONSOLE > mqtt /peer/43phBHskZAr3Z1cgjBe5Pm/rack/page_0/channel.9/device/gui/natnet/codec 2
Apr 16 22:07:33.747 myPeerName: MAX CONSOLE > mqtt /peer/43phBHskZAr3Z1cgjBe5Pm/rack/page_0/channel.9/device/gui/natnet/frameModulo 2
Apr 16 22:07:33.747 myPeerName: MAX CONSOLE > mqtt /peer/43phBHskZAr3Z1cgjBe5Pm/rack/page_0/channel.9/device/gui/natnet/leftHanded 1
Apr 16 22:07:33.747 myPeerName: MAX CONSOLE > mqtt /peer/43phBHskZAr3Z1cgjBe5Pm/rack/page_0/channel.9/device/gui/natnet/yUp2zUp 1
Apr 16 22:07:33.751 myPeerName: MAX CONSOLE > mqtt /peer/43phBHskZAr3Z1cgjBe5Pm/rack/page_0/channel.9/device/gui/natnet/defaultLocalIP 0
Apr 16 22:07:33.751 myPeerName: MAX CONSOLE > mqtt /peer/43phBHskZAr3Z1cgjBe5Pm/rack/page_0/channel.9/device/gui/natnet/autoReconnect 0
Apr 16 22:07:33.751 myPeerName: MAX CONSOLE > mqtt /peer/43phBHskZAr3Z1cgjBe5Pm/rack/page_0/channel.9/device/gui/natnet/bundled 0
Apr 16 22:07:33.751 myPeerName: MAX CONSOLE > mqtt /peer/43phBHskZAr3Z1cgjBe5Pm/rack/page_0/channel.9/device/gui/natnet/cmdPort 1510
Apr 16 22:07:33.751 myPeerName: MAX CONSOLE > mqtt /peer/43phBHskZAr3Z1cgjBe5Pm/rack/page_0/channel.9/device/gui/natnet/dataPort 1511
Apr 16 22:07:33.751 myPeerName: MAX CONSOLE > mqtt /peer/43phBHskZAr3Z1cgjBe5Pm/rack/page_0/channel.9/device/gui/natnet/invmatrix 0
Apr 16 22:07:33.751 myPeerName: MAX CONSOLE > mqtt /peer/43phBHskZAr3Z1cgjBe5Pm/rack/page_0/channel.9/device/gui/natnet/matrix 0
Apr 16 22:07:33.751 myPeerName: MAX CONSOLE > mqtt /peer/43phBHskZAr3Z1cgjBe5Pm/rack/page_0/channel.9/device/gui/natnet/motiveIP 10.21.136.113
Apr 16 22:07:33.751 myPeerName: MAX CONSOLE > mqtt /peer/43phBHskZAr3Z1cgjBe5Pm/rack/page_0/channel.9/device/gui/natnet/multicastIP 239.255.42.99
Apr 16 22:07:33.751 myPeerName: MAX CONSOLE > mqtt /peer/43phBHskZAr3Z1cgjBe5Pm/rack/page_0/channel.9/device/gui/natnet/sendMarkerInfos 0
Apr 16 22:07:33.751 myPeerName: MAX CONSOLE > mqtt /peer/43phBHskZAr3Z1cgjBe5Pm/rack/page_0/channel.9/device/gui/natnet/sendOtherMarkerInfos 0
Apr 16 22:07:33.751 myPeerName: MAX CONSOLE > mqtt /peer/43phBHskZAr3Z1cgjBe5Pm/rack/page_0/channel.9/device/gui/natnet/sendSkeletons 0
Apr 16 22:07:33.751 myPeerName: MAX CONSOLE > mqtt /peer/43phBHskZAr3Z1cgjBe5Pm/rack/page_0/channel.9/device/gui/natnet/verbose 0
Apr 16 22:07:33.751 myPeerName: MAX CONSOLE > mqtt /peer/43phBHskZAr3Z1cgjBe5Pm/rack/page_0/channel.9/device/gui/indicators 0
Apr 16 22:07:33.751 myPeerName: MAX CONSOLE > mqtt /peer/43phBHskZAr3Z1cgjBe5Pm/rack/page_0/channel.9/device/gui/localudp/inputPort 10092
Apr 16 22:07:33.751 myPeerName: MAX CONSOLE > mqtt /peer/43phBHskZAr3Z1cgjBe5Pm/rack/page_0/channel.9/device/gui/localudp/listeningIP 10.21.136.113
Apr 16 22:07:33.751 myPeerName: MAX CONSOLE > mqtt /peer/43phBHskZAr3Z1cgjBe5Pm/rack/page_0/channel.9/device/gui/localudp/outputIPOne 10.21.136.113
Apr 16 22:07:33.751 myPeerName: MAX CONSOLE > mqtt /peer/43phBHskZAr3Z1cgjBe5Pm/rack/page_0/channel.9/device/gui/localudp/outputIPTwo 10.21.136.113
Apr 16 22:07:33.751 myPeerName: MAX CONSOLE > mqtt /peer/43phBHskZAr3Z1cgjBe5Pm/rack/page_0/channel.9/device/gui/localudp/outputPortOne 10090
Apr 16 22:07:33.751 myPeerName: MAX CONSOLE > mqtt /peer/43phBHskZAr3Z1cgjBe5Pm/rack/page_0/channel.9/device/gui/localudp/outputPortTwo 10091
Apr 16 22:07:33.751 myPeerName: MAX CONSOLE > mqtt /peer/43phBHskZAr3Z1cgjBe5Pm/rack/page_0/channel.9/device/gui/localudp/reset 1
Apr 16 22:07:33.751 myPeerName: MAX CONSOLE > mqtt /peer/43phBHskZAr3Z1cgjBe5Pm/rack/page_0/channel.9/device/gui/monitor/log 0
Apr 16 22:07:33.751 myPeerName: MAX CONSOLE > mqtt /peer/43phBHskZAr3Z1cgjBe5Pm/rack/page_0/channel.9/device/gui/monitor/monitorGate 0
Apr 16 22:07:33.751 myPeerName: MAX CONSOLE > mqtt /peer/43phBHskZAr3Z1cgjBe5Pm/rack/page_0/channel.9/device/gui/remoteValues/local_os windows
Apr 16 22:07:33.751 myPeerName: MAX CONSOLE > mqtt /peer/43phBHskZAr3Z1cgjBe5Pm/rack/page_0/channel.9/device/gui/description MoCap
Apr 16 22:07:33.751 myPeerName: MAX CONSOLE > mqtt /peer/43phBHskZAr3Z1cgjBe5Pm/rack/page_0/channel.9/device/gui/enable 0
Apr 16 22:07:33.751 myPeerName: MAX CONSOLE > mqtt /peer/43phBHskZAr3Z1cgjBe5Pm/rack/page_0/channel.9/device/gui/enableTwo 0
Apr 16 22:07:35.095 myPeerName: MAX CONSOLE > mqtt /peer/43phBHskZAr3Z1cgjBe5Pm/rack/page_0/channel.3/device/gui/indicators 1 0 0 -90.9100 0 0
Apr 16 22:07:38.507 myPeerName:    <-- received room ping
Apr 16 22:07:38.514 myPeerName: MAX CONSOLE > Apr 16 22:07:38.507 myPeerName:    <-- received room ping
Apr 16 22:07:38.559 myPeerName: ...stopping join timout thread.
Apr 16 22:07:38.559 myPeerName: <-- access to room myRoomName confirmed.
Apr 16 22:07:38.564 myPeerName: MAX CONSOLE > Apr 16 22:07:38.559 myPeerName: ...stopping join timout thread.
Apr 16 22:07:38.564 myPeerName: MAX CONSOLE > Apr 16 22:07:38.559 myPeerName: <-- access to room myRoomName confirmed.
Apr 16 22:07:40.151 myPeerName: MAX CONSOLE > mqtt /peer/43phBHskZAr3Z1cgjBe5Pm/rack/page_0/channel.3/device/gui/indicators 1 0 0 -91.3600 0 0
Apr 16 22:07:45.166 myPeerName: MAX CONSOLE > mqtt /peer/43phBHskZAr3Z1cgjBe5Pm/rack/page_0/channel.3/device/gui/indicators 1 0 0 -90.7500 0 0
Apr 16 22:07:50.180 myPeerName: MAX CONSOLE > mqtt /peer/43phBHskZAr3Z1cgjBe5Pm/rack/page_0/channel.3/device/gui/indicators 1 0 0 -91.3900 0 0
Apr 16 22:07:55.120 myPeerName: MAX CONSOLE > mqtt /peer/43phBHskZAr3Z1cgjBe5Pm/rack/page_0/channel.3/device/gui/indicators 1 0 0 -91.3800 0 0
Apr 16 22:08:00.117 myPeerName: MAX CONSOLE > mqtt /peer/43phBHskZAr3Z1cgjBe5Pm/rack/page_0/channel.3/device/gui/indicators 1 0 0 -91.3600 0 0
